[debug] [2021-10-18T10:00:54.353Z] ----------------------------------------------------------------------
[debug] [2021-10-18T10:00:54.355Z] Command:       /home/vasvi/.nvm/versions/node/v16.11.1/bin/node /home/vasvi/.nvm/versions/node/v16.11.1/bin/firebase init
[debug] [2021-10-18T10:00:54.356Z] CLI Version:   9.20.0
[debug] [2021-10-18T10:00:54.356Z] Platform:      linux
[debug] [2021-10-18T10:00:54.356Z] Node Version:  v16.11.1
[debug] [2021-10-18T10:00:54.356Z] Time:          Mon Oct 18 2021 15:30:54 GMT+0530 (India Standard Time)
[debug] [2021-10-18T10:00:54.356Z] ----------------------------------------------------------------------
[debug] 
[debug] [2021-10-18T10:00:54.362Z] > command requires scopes: ["email","openid","https://www.googleapis.com/auth/cloudplatformprojects.readonly","https://www.googleapis.com/auth/firebase","https://www.googleapis.com/auth/cloud-platform"]
[debug] [2021-10-18T10:00:54.363Z] > authorizing via signed-in user (vasvisood1@gmail.com)
[info] 
     ######## #### ########  ######## ########     ###     ######  ########
     ##        ##  ##     ## ##       ##     ##  ##   ##  ##       ##
     ######    ##  ########  ######   ########  #########  ######  ######
     ##        ##  ##    ##  ##       ##     ## ##     ##       ## ##
     ##       #### ##     ## ######## ########  ##     ##  ######  ########

You're about to initialize a Firebase project in this directory:

  /home/vasvi/github/firebase

[debug] [2021-10-18T10:01:27.209Z] ----------------------------------------------------------------------
[debug] [2021-10-18T10:01:27.211Z] Command:       /home/vasvi/.nvm/versions/node/v16.11.1/bin/node /home/vasvi/.nvm/versions/node/v16.11.1/bin/firebase init
[debug] [2021-10-18T10:01:27.212Z] CLI Version:   9.20.0
[debug] [2021-10-18T10:01:27.212Z] Platform:      linux
[debug] [2021-10-18T10:01:27.212Z] Node Version:  v16.11.1
[debug] [2021-10-18T10:01:27.212Z] Time:          Mon Oct 18 2021 15:31:27 GMT+0530 (India Standard Time)
[debug] [2021-10-18T10:01:27.212Z] ----------------------------------------------------------------------
[debug] 
[debug] [2021-10-18T10:01:27.219Z] > command requires scopes: ["email","openid","https://www.googleapis.com/auth/cloudplatformprojects.readonly","https://www.googleapis.com/auth/firebase","https://www.googleapis.com/auth/cloud-platform"]
[debug] [2021-10-18T10:01:27.219Z] > authorizing via signed-in user (vasvisood1@gmail.com)
[info] 
     ######## #### ########  ######## ########     ###     ######  ########
     ##        ##  ##     ## ##       ##     ##  ##   ##  ##       ##
     ######    ##  ########  ######   ########  #########  ######  ######
     ##        ##  ##    ##  ##       ##     ## ##     ##       ## ##
     ##       #### ##     ## ######## ########  ##     ##  ######  ########

You're about to initialize a Firebase project in this directory:

  /home/vasvi/github/firebase

